Started at 08-09-2020 02:33:05
Resource: GetResultOfSearch
Parameters: (0) .net (1) java
Finished at 08-09-2020 02:33:05
Started at 08-09-2020 02:38:14
Resource: GetResultOfSearch
Parameters: (0) .net (1) java
Finished at 08-09-2020 02:38:14
Started at 08-09-2020 02:38:47
Resource: GetResultOfSearch
Parameters: (0) .net (1) java
Started at 08-09-2020 02:39:28
Resource: GetResultOfSearch
Parameters: (0) .net (1) java
Finished at 08-09-2020 02:39:36
Started at 08-09-2020 02:43:23
Resource: GetResultOfSearch
Parameters: (0) .net (1) java
System exception: One or more errors occurred. (Configuration system failed to initialize)
Finished at 08-09-2020 02:43:31
Started at 08-09-2020 02:45:10
Resource: GetResultOfSearch
Parameters: (0) .net (1) java
Started at 08-09-2020 02:47:47
Resource: GetResultOfSearch
Parameters: (0) .net (1) java
System exception: One or more errors occurred. (Missing value for config: Bing.Url)
Finished at 08-09-2020 02:47:49
Started at 08-09-2020 02:48:40
Resource: GetResultOfSearch
Parameters: (0) .net (1) java
Started at 08-09-2020 02:52:26
Resource: GetResultOfSearch
Parameters: (0) .net (1) java
Started at 08-09-2020 03:01:17
Resource: GetResultOfSearch
Parameters: (0) .net (1) java
System exception: One or more errors occurred. (Object reference not set to an instance of an object.)
Finished at 08-09-2020 03:01:45
Started at 08-09-2020 03:02:07
Resource: GetResultOfSearch
Parameters: (0) .net (1) java
Started at 08-09-2020 03:03:18
Resource: GetResultOfSearch
Parameters: (0) .net (1) java
Started at 08-09-2020 03:09:08
Resource: GetResultOfSearch
Parameters: (0) .net (1) java
Started at 08-09-2020 03:25:28
Resource: GetResultOfSearch
Parameters: (0) .net (1) java
Started at 08-09-2020 03:28:13
Resource: GetResultOfSearch
Parameters: (0) .net (1) java
Started at 08-09-2020 03:38:21
Resource: GetResultOfSearch
Parameters: (0) .net (1) java
Started at 08-09-2020 03:41:36
Resource: GetResultOfSearch
Parameters: (0) .net (1) java
Started at 08-09-2020 03:49:05
Resource: GetResultOfSearch
Parameters: (0) .net (1) java
Started at 08-09-2020 03:49:47
Resource: GetResultOfSearch
Parameters: (0) .net (1) java
Finished at 08-09-2020 03:51:11
Started at 08-09-2020 03:57:59
Resource: GetResultOfSearch
Parameters: (0) .net (1) java
System exception: One or more errors occurred. (Problems getting web resource: https://api.cognitive.microsoft.com/bingcustomsearch/v7.0/search?q=java&customconfig=ed0ec577-d5b7-4ab6-9fe4-6c117411a3c3)
Finished at 08-09-2020 03:58:01
Started at 08-09-2020 03:58:29
Resource: GetResultOfSearch
Parameters: (0) .net (1) java
Started at 08-09-2020 04:13:26
Resource: GetResultOfSearch
Parameters: (0) .net (1) java
System exception: One or more errors occurred. (Problems getting web resource: https://api.cognitive.microsoft.com/bingcustomsearch/v7.0/search?q=java&customconfig=ed0ec577-d5b7-4ab6-9fe4-6c117411a3c3)
Finished at 08-09-2020 04:13:28
Started at 08-09-2020 04:13:49
Resource: GetResultOfSearch
Parameters: (0) .net (1) java
System exception: One or more errors occurred. (Problems getting web resource: https://api.cognitive.microsoft.com/bingcustomsearch/v7.0/search?q=java&customconfig=ed0ec577-d5b7-4ab6-9fe4-6c117411a3c3)
Finished at 08-09-2020 04:13:49
Started at 08-09-2020 04:14:04
Resource: GetResultOfSearch
Parameters: (0) .net (1) java
System exception: One or more errors occurred. (Problems getting web resource: https://api.cognitive.microsoft.com/bingcustomsearch/v7.0/search?q=java&customconfig=ed0ec577-d5b7-4ab6-9fe4-6c117411a3c3)
Finished at 08-09-2020 04:14:05
Started at 08-09-2020 04:14:24
Resource: GetResultOfSearch
Parameters: (0) .net (1) java
System exception: One or more errors occurred. (Problems getting web resource: https://api.cognitive.microsoft.com/bingcustomsearch/v7.0/search?q=java&customconfig=ed0ec577-d5b7-4ab6-9fe4-6c117411a3c3)
Finished at 08-09-2020 04:17:55
Started at 08-09-2020 04:17:59
Resource: GetResultOfSearch
Parameters: (0) .net (1) java
Finished at 08-09-2020 04:21:04
Started at 08-09-2020 03:33:57
Resource: GetResultOfSearch
Parameters: (0) .net (1) java
System exception: One or more errors occurred. (An invalid request URI was provided. The request URI must either be an absolute URI or BaseAddress must be set.)
Finished at 08-09-2020 03:33:58
Started at 08-09-2020 03:34:20
Resource: GetResultOfSearch
Parameters: (0) .net (1) java
System exception: One or more errors occurred. (An invalid request URI was provided. The request URI must either be an absolute URI or BaseAddress must be set.)
Finished at 08-09-2020 03:34:20
Started at 08-09-2020 03:34:27
Resource: GetResultOfSearch
Parameters: (0) .net (1) java
System exception: One or more errors occurred. (An invalid request URI was provided. The request URI must either be an absolute URI or BaseAddress must be set.)
Finished at 08-09-2020 03:34:27
Started at 08-09-2020 03:34:42
Resource: GetResultOfSearch
Parameters: (0) .net (1) java
System exception: One or more errors occurred. (An invalid request URI was provided. The request URI must either be an absolute URI or BaseAddress must be set.)
Finished at 08-09-2020 03:35:20
Started at 08-09-2020 03:35:24
Resource: GetResultOfSearch
Parameters: (0) .net (1) java
System exception: One or more errors occurred. (An invalid request URI was provided. The request URI must either be an absolute URI or BaseAddress must be set.)
Finished at 08-09-2020 03:35:36
Started at 08-09-2020 03:35:45
Resource: GetResultOfSearch
Parameters: (0) .net (1) java
Started at 08-09-2020 03:36:50
Resource: GetResultOfSearch
Parameters: (0) .net (1) java
Started at 08-09-2020 03:39:47
Resource: GetResultOfSearch
Parameters: (0) .net (1) java
Finished at 08-09-2020 03:41:06
Started at 08-09-2020 03:42:12
Resource: GetResultOfSearch
Parameters: (0) .net (1) java
System exception: One or more errors occurred. (Problems getting web resource: https://api.cognitive.microsoft.com/bingcustomsearch/v7.0/search?q=java&customconfig=ed0ec577-d5b7-4ab6-9fe4-6c117411a3c3)
Finished at 08-09-2020 03:42:18
Started at 08-09-2020 03:42:33
Resource: GetResultOfSearch
Parameters: (0) .net (1) java
Started at 08-09-2020 03:44:45
Resource: GetResultOfSearch
Parameters: (0) .net (1) java
Finished at 08-09-2020 03:45:06
Started at 08-09-2020 03:45:10
Resource: GetResultOfSearch
Parameters: (0) .net (1) java
Finished at 08-09-2020 03:45:24
Started at 08-09-2020 03:46:07
Resource: GetResultOfSearch
Parameters: (0) .net (1) java
Finished at 08-09-2020 03:46:18
Started at 08-09-2020 06:28:16
Resource: GetResultOfSearch
Parameters: (0) .net (1) java
